[2016-01-08 10:40:16] START
[2016-01-08 10:40:39] CREATE db1.py: 0
[2016-01-08 11:23:09] EDIT Inw/models/db1.py: 29
[2016-01-08 11:23:36] EDIT Inw/models/db1.py: 0
[2016-01-08 11:23:58] EDIT Inw/models/db1.py: 0
[2016-01-08 11:24:25] EDIT Inw/models/db1.py: 0
[2016-01-08 11:25:25] EDIT Inw/models/db1.py: 0
[2016-01-08 11:26:47] EDIT Inw/models/db1.py: 0
[2016-01-08 11:27:13] EDIT Inw/models/db1.py: 0
[2016-01-08 11:56:19] EDIT Inw/models/db1.py: 0
[2016-01-08 11:56:41] EDIT Inw/models/db1.py: 0
[2016-01-08 12:02:19] EDIT Inw/controllers/default.py: -3
[2016-01-08 12:02:50] EDIT Inw/views/default/index.html: -42
[2016-01-08 12:03:34] EDIT Inw/views/default/index.html: -1
[2016-01-08 12:05:39] EDIT Inw/views/default/index.html: 0
[2016-01-08 12:08:32] EDIT Inw/views/default/index.html: 3
[2016-01-08 12:09:13] EDIT Inw/views/default/index.html: 0
[2016-01-08 12:12:03] EDIT Inw/views/default/index.html: 5
[2016-01-08 12:12:37] EDIT Inw/views/default/index.html: -2
[2016-01-08 12:15:24] CREATE default/Sprzet.html: 0
[2016-01-08 12:15:35] CREATE default/Pracownicy.html: 0
[2016-01-08 12:17:40] EDIT Inw/views/default/Pracownicy.html: 0
[2016-01-08 12:18:14] EDIT Inw/views/default/Pracownicy.html: 0
[2016-01-08 12:18:50] EDIT Inw/views/default/Pracownicy.html: 0
[2016-01-08 12:32:06] EDIT Inw/views/default/Pracownicy.html: 0
[2016-01-08 12:33:17] EDIT Inw/views/default/Pracownicy.html: 1
[2016-01-08 12:44:11] EDIT Inw/models/db1.py: 3
[2016-01-08 12:46:56] EDIT Inw/views/default/Pracownicy.html: 0
[2016-01-08 14:16:57] EDIT Inw/views/default/Pracownicy.html: 1
[2016-01-08 14:17:31] EDIT Inw/views/default/Pracownicy.html: 0
[2016-01-08 14:18:43] EDIT Inw/views/default/Pracownicy.html: -1
[2016-01-08 14:19:22] EDIT Inw/views/default/Pracownicy.html: 0
[2016-01-08 14:20:14] EDIT Inw/controllers/default.py: 1
[2016-01-08 14:20:27] EDIT Inw/views/default/Pracownicy.html: 0
[2016-01-08 14:20:42] EDIT Inw/controllers/default.py: 0
[2016-01-08 14:22:18] EDIT Inw/controllers/default.py: 1
[2016-01-08 14:23:20] EDIT Inw/controllers/default.py: -1
[2016-01-08 14:24:21] EDIT Inw/models/db1.py: 0
[2016-01-08 14:24:41] EDIT Inw/controllers/default.py: 0
[2016-01-08 14:25:03] EDIT Inw/views/default/Pracownicy.html: 0
[2016-01-08 14:26:29] EDIT Inw/views/default/Pracownicy.html: 0
[2016-01-08 14:26:57] EDIT Inw/views/default/Pracownicy.html: 0
[2016-01-08 14:27:15] EDIT Inw/views/default/Pracownicy.html: 0
[2016-01-08 14:27:55] EDIT Inw/views/default/Pracownicy.html: 0
[2016-01-08 14:29:10] EDIT Inw/views/default/Pracownicy.html: 1
[2016-01-08 14:54:39] EDIT Inw/controllers/default.py: 1
[2016-01-08 14:54:46] EDIT Inw/views/default/Pracownicy.html: 0
[2016-01-08 14:55:00] EDIT Inw/views/default/Pracownicy.html: 0
[2016-01-08 14:55:32] EDIT Inw/views/default/Pracownicy.html: 3
[2016-01-08 14:58:21] EDIT Inw/views/default/Pracownicy.html: 4
[2016-01-08 14:58:55] EDIT Inw/views/default/Pracownicy.html: -6
[2016-01-08 15:05:29] EDIT Inw/views/default/Pracownicy.html: 1
[2016-01-08 15:07:34] EDIT Inw/views/default/Pracownicy.html: 0
[2016-01-08 15:08:15] EDIT Inw/views/default/Pracownicy.html: 0
[2016-01-08 15:13:02] EDIT Inw/views/default/Pracownicy.html: 3
[2016-01-08 15:13:21] EDIT Inw/views/default/Pracownicy.html: 0
[2016-01-08 15:13:41] EDIT Inw/views/default/Pracownicy.html: 0
[2016-01-08 15:13:56] EDIT Inw/views/default/Pracownicy.html: 0
[2016-01-08 15:14:09] EDIT Inw/views/default/Pracownicy.html: -1
[2016-01-08 15:14:49] EDIT Inw/views/default/Pracownicy.html: 0
[2016-01-08 15:15:07] EDIT Inw/views/default/Pracownicy.html: 0
[2016-01-08 15:15:33] EDIT Inw/views/default/Pracownicy.html: 0
[2016-01-08 15:15:55] EDIT Inw/views/default/Pracownicy.html: 1
[2016-01-08 15:16:03] EDIT Inw/views/default/Pracownicy.html: 0
[2016-01-08 15:16:27] EDIT Inw/views/default/Pracownicy.html: 0
[2016-01-08 15:16:48] EDIT Inw/views/default/Pracownicy.html: 0
[2016-01-08 15:17:04] EDIT Inw/views/default/Pracownicy.html: 0
[2016-01-08 15:17:16] EDIT Inw/views/default/Pracownicy.html: -1
[2016-01-08 15:17:50] EDIT Inw/views/default/Pracownicy.html: 1
[2016-01-12 09:20:34] EDIT Inw/models/db1.py: -3
[2016-01-12 09:31:26] EDIT Inw/views/default/Pracownicy.html: -1
[2016-01-12 09:33:36] EDIT Inw/controllers/default.py: -1
[2016-01-12 09:34:02] EDIT Inw/controllers/default.py: 0
[2016-01-12 09:34:16] EDIT Inw/views/default/Pracownicy.html: 0
[2016-01-12 09:34:25] EDIT Inw/views/default/Pracownicy.html: 0
[2016-01-18 08:21:05] EDIT Inw/controllers/default.py: 0
[2016-01-18 08:21:18] EDIT Inw/views/default/Pracownicy.html: 0
[2016-01-18 08:30:55] EDIT Inw/controllers/default.py: 5
[2016-01-18 08:31:31] CREATE default/EdycjaPracownicy.html: 0
[2016-01-18 08:32:03] EDIT Inw/views/default/EdycjaPracownicy.html: -1
[2016-01-18 08:35:54] EDIT Inw/controllers/default.py: 1
[2016-01-18 08:38:13] EDIT Inw/views/default/Pracownicy.html: 0
[2016-01-18 08:53:46] EDIT Inw/controllers/default.py: 0
[2016-01-18 08:59:20] EDIT Inw/views/default/Pracownicy.html: 0
[2016-01-18 09:01:39] EDIT Inw/views/default/Pracownicy.html: 0
[2016-01-18 09:05:56] EDIT Inw/controllers/default.py: 7
[2016-01-18 09:06:19] CREATE default/EdycjaSprzet.html: 0
[2016-01-18 09:06:33] EDIT Inw/views/default/EdycjaSprzet.html: -1
[2016-01-18 09:07:21] EDIT Inw/views/default/Sprzet.html: 6
[2016-01-18 09:07:37] EDIT Inw/views/default/EdycjaSprzet.html: 0
[2016-01-18 09:07:39] EDIT Inw/views/default/Pracownicy.html: 0
[2016-01-18 09:07:40] EDIT Inw/views/default/EdycjaPracownicy.html: 0
[2016-01-18 09:07:42] EDIT Inw/controllers/default.py: 0
[2016-01-18 09:07:42] EDIT Inw/models/db1.py: 0
[2016-01-18 09:09:27] EDIT Inw/controllers/default.py: 2
[2016-01-18 09:09:36] CREATE default/indexx.html: 0
[2016-01-18 09:11:32] EDIT Inw/views/default/indexx.html: 9
[2016-01-18 09:12:03] EDIT Inw/views/default/index.html: 0
[2016-01-18 09:12:41] EDIT Inw/views/default/index.html: 0
[2016-01-18 09:12:45] CREATE default/indexxx.html: 0
[2016-01-18 09:13:22] EDIT Inw/views/default/indexxx.html: 9
[2016-01-18 09:13:46] EDIT Inw/controllers/default.py: 2
[2016-01-18 09:14:41] EDIT Inw/controllers/default.py: 0
[2016-01-18 09:15:18] EDIT Inw/views/default/index.html: 0
[2016-01-18 09:16:29] EDIT Inw/views/default/index.html: 0
[2016-01-18 09:16:56] EDIT Inw/views/default/index.html: 0
[2016-01-18 09:20:25] EDIT Inw/views/default/EdycjaPracownicy.html: 2
[2016-01-18 09:20:38] EDIT Inw/views/default/EdycjaPracownicy.html: 0
[2016-01-18 09:21:34] EDIT Inw/views/default/EdycjaPracownicy.html: 0
[2016-01-18 09:21:43] EDIT Inw/views/default/EdycjaSprzet.html: 2
[2016-01-18 09:22:15] EDIT Inw/views/default/indexxx.html: 0
[2016-01-18 09:22:16] EDIT Inw/views/default/indexx.html: 0
[2016-01-18 09:23:07] EDIT Inw/models/menu.py: 0
[2016-01-18 09:23:45] EDIT Inw/models/menu.py: 0
[2016-01-18 09:24:27] EDIT Inw/models/menu.py: 0
[2016-01-18 09:25:25] EDIT Inw/models/menu.py: -101
[2016-01-18 09:25:39] EDIT Inw/models/menu.py: -3
[2016-01-18 09:26:15] EDIT Inw/models/menu.py: 0
[2016-01-18 10:14:15] CREATE 0.py: 0
[2016-01-18 10:15:26] EDIT Inw/models/0.py: 4
[2016-01-18 10:15:59] EDIT Inw/models/0.py: 0
[2016-01-18 10:31:21] EDIT Inw/controllers/default.py: 11
[2016-01-18 10:37:25] EDIT Inw/controllers/default.py: 0
[2016-01-18 11:01:21] EDIT Inw/controllers/default.py: 0
[2016-01-18 11:04:15] EDIT Inw/controllers/default.py: -10
[2016-01-18 11:04:26] EDIT Inw/models/0.py: 0
[2016-01-18 11:27:02] EDIT Inw/models/db.py: 2
[2016-01-18 11:27:04] EDIT Inw/models/0.py: 0
[2016-01-18 11:27:06] EDIT Inw/controllers/default.py: 3
[2016-01-18 11:27:16] EDIT Inw/controllers/default.py: 0
[2016-01-18 11:27:34] EDIT Inw/controllers/default.py: 0
[2016-01-18 11:27:42] EDIT Inw/controllers/default.py: 0
[2016-01-18 11:28:02] EDIT Inw/controllers/default.py: 0
[2016-01-18 11:29:13] EDIT Inw/controllers/default.py: 1
[2016-01-18 11:29:22] EDIT Inw/controllers/default.py: 0
[2016-01-18 11:29:53] EDIT Inw/controllers/default.py: 0
[2016-01-18 11:29:59] EDIT Inw/controllers/default.py: 0
[2016-01-18 11:30:54] EDIT Inw/models/db1.py: 14
[2016-01-18 12:22:44] EDIT Inw/controllers/default.py: -1
[2016-01-18 12:22:53] EDIT Inw/models/db1.py: -1
[2016-01-18 12:29:09] EDIT Inw/controllers/default.py: 0
[2016-01-18 12:30:41] EDIT Inw/controllers/default.py: 0
[2016-01-18 12:33:29] EDIT Inw/controllers/default.py: 1
[2016-01-18 12:33:37] EDIT Inw/controllers/default.py: 0
[2016-01-18 12:34:30] EDIT Inw/controllers/default.py: 0
[2016-01-18 12:35:26] EDIT Inw/controllers/default.py: 0
[2016-01-18 12:35:28] EDIT Inw/controllers/default.py: 0
[2016-01-18 12:35:28] EDIT Inw/controllers/default.py: 0
[2016-01-18 12:35:28] EDIT Inw/controllers/default.py: 0
[2016-01-18 12:35:28] EDIT Inw/controllers/default.py: 0
[2016-01-18 12:35:28] EDIT Inw/controllers/default.py: 0
[2016-01-18 12:36:28] EDIT Inw/controllers/default.py: 0
[2016-01-18 12:36:38] EDIT Inw/controllers/default.py: 0
[2016-01-18 12:37:07] EDIT Inw/controllers/default.py: 0
[2016-01-18 12:37:30] EDIT Inw/controllers/default.py: 0
[2016-01-18 12:38:33] EDIT Inw/controllers/default.py: 0
[2016-01-18 12:40:06] EDIT Inw/controllers/default.py: 0
[2016-01-18 12:41:00] EDIT Inw/controllers/default.py: 0
[2016-01-18 12:42:02] EDIT Inw/models/db1.py: 1
[2016-01-18 12:42:20] EDIT Inw/controllers/default.py: 0
[2016-01-18 12:46:47] EDIT Inw/controllers/default.py: 0
[2016-01-18 12:48:01] EDIT Inw/controllers/default.py: 0
[2016-01-18 12:49:53] EDIT Inw/controllers/default.py: 0
[2016-01-18 12:51:51] EDIT Inw/models/0.py: 0
[2016-01-18 12:52:03] EDIT Inw/models/0.py: 0
[2016-01-18 13:00:04] EDIT Inw/models/0.py: 0
[2016-01-19 08:11:36] EDIT Inw/models/db1.py: 3
[2016-01-19 08:24:19] EDIT Inw/controllers/default.py: 0
[2016-01-19 08:24:33] EDIT Inw/controllers/default.py: 0
[2016-01-19 08:24:34] EDIT Inw/controllers/default.py: 0
[2016-01-19 08:24:52] EDIT Inw/controllers/default.py: 0
[2016-01-19 08:25:21] EDIT Inw/models/db1.py: -3
[2016-01-19 08:25:30] EDIT Inw/controllers/default.py: 0
[2016-01-19 08:26:29] EDIT Inw/controllers/default.py: 0
[2016-01-19 08:29:01] EDIT Inw/controllers/default.py: 0
[2016-01-19 08:29:05] EDIT Inw/controllers/default.py: 0
[2016-01-19 08:29:06] EDIT Inw/controllers/default.py: 0
[2016-01-19 08:29:19] EDIT Inw/controllers/default.py: 0
[2016-01-19 08:29:35] EDIT Inw/controllers/default.py: 0
[2016-01-19 08:29:41] EDIT Inw/controllers/default.py: 0
[2016-01-19 08:39:55] EDIT Inw/controllers/default.py: 0
[2016-01-19 08:39:56] EDIT Inw/controllers/default.py: 0
[2016-01-19 08:40:18] EDIT Inw/controllers/default.py: 0
[2016-01-19 08:41:36] EDIT Inw/controllers/default.py: 0
[2016-01-19 08:42:37] EDIT Inw/controllers/default.py: 0
[2016-01-19 08:43:25] EDIT Inw/controllers/default.py: 0
[2016-01-19 08:50:56] EDIT Inw/models/db1.py: 0
[2016-01-19 08:51:14] EDIT Inw/models/db1.py: 0
[2016-01-19 08:51:29] EDIT Inw/models/db1.py: 0
[2016-01-19 08:52:06] EDIT Inw/controllers/default.py: 1
[2016-01-21 12:15:58] EDIT Inw/models/db1.py: 3
[2016-01-21 12:16:11] EDIT Inw/models/db1.py: 0
[2016-01-21 12:18:24] EDIT Inw/models/db1.py: 0
[2016-01-21 12:18:46] EDIT Inw/models/db1.py: 0
[2016-01-21 12:19:44] EDIT Inw/models/db1.py: 0
[2016-01-21 12:31:46] EDIT Inw/controllers/default.py: 3
[2016-01-21 12:31:49] EDIT Inw/models/db1.py: 2
[2016-01-21 12:44:37] EDIT Inw/controllers/default.py: 1
[2016-01-21 12:44:41] EDIT Inw/models/db1.py: 1
[2016-01-21 12:44:45] EDIT Inw/models/db1.py: 0
[2016-01-21 12:44:56] EDIT Inw/models/db1.py: -1
[2016-01-21 12:45:05] EDIT Inw/controllers/default.py: 1
[2016-01-21 12:49:13] EDIT Inw/models/db1.py: 0
[2016-01-21 12:49:21] EDIT Inw/models/db1.py: 0
[2016-01-21 13:30:34] EDIT Inw/models/db1.py: 0
[2016-01-22 12:42:08] EDIT Inw/controllers/default.py: 0
[2016-01-22 12:42:45] CREATE default/eOczekujace.html: 0
[2016-01-22 12:43:13] EDIT Inw/views/default/eOczekujace.html: 4
[2016-01-22 12:43:55] DELETE Inw/views/default/eOczekujace.html: -7
[2016-01-22 12:44:13] CREATE default/Oczekujace.html: 0
[2016-01-22 12:44:25] EDIT Inw/views/default/Oczekujace.html: 4
[2016-01-22 12:46:35] EDIT Inw/controllers/default.py: -1
[2016-01-22 12:47:01] EDIT Inw/controllers/default.py: -1
[2016-01-22 12:47:03] EDIT Inw/views/default/Oczekujace.html: 0
[2016-01-22 12:47:42] EDIT Inw/controllers/default.py: 0
[2016-01-22 12:47:49] EDIT Inw/views/default/Oczekujace.html: -3
[2016-01-22 12:48:09] EDIT Inw/controllers/default.py: 0
[2016-01-22 12:48:13] EDIT Inw/views/default/Oczekujace.html: 0
[2016-01-22 12:48:38] EDIT Inw/controllers/default.py: 0
[2016-01-22 12:49:03] EDIT Inw/controllers/default.py: 0
[2016-01-22 12:49:21] EDIT Inw/controllers/default.py: 0
[2016-01-26 10:16:37] EDIT Inw/controllers/default.py: 2
[2016-01-26 10:24:06] EDIT Inw/controllers/default.py: 10
[2016-01-26 10:24:21] EDIT Inw/views/default/Pracownicy.html: 0
[2016-01-26 10:26:06] EDIT Inw/controllers/default.py: 0
[2016-01-26 10:26:09] EDIT Inw/views/default/Pracownicy.html: 0
[2016-01-26 10:28:23] EDIT Inw/controllers/default.py: -10
[2016-01-26 10:28:30] EDIT Inw/views/default/Pracownicy.html: 0
[2016-01-26 10:38:01] EDIT Inw/views/default/Pracownicy.html: 2
[2016-01-26 10:39:37] EDIT Inw/views/default/Pracownicy.html: 0
[2016-01-26 10:42:39] EDIT Inw/views/default/Pracownicy.html: 0
[2016-01-26 10:45:07] EDIT Inw/views/default/Pracownicy.html: 0
[2016-01-26 10:45:31] EDIT Inw/views/default/Pracownicy.html: -9
[2016-01-26 10:45:39] EDIT Inw/views/default/Pracownicy.html: 9
[2016-01-26 10:46:02] EDIT Inw/views/default/Pracownicy.html: 0
[2016-01-26 10:46:33] EDIT Inw/views/default/Pracownicy.html: 0
[2016-01-26 10:46:56] EDIT Inw/views/default/Pracownicy.html: -1
[2016-01-26 10:47:05] EDIT Inw/views/default/Pracownicy.html: 0
[2016-01-26 10:47:41] EDIT Inw/views/default/Pracownicy.html: 0
[2016-01-26 10:48:19] EDIT Inw/views/default/Pracownicy.html: 1
[2016-01-26 10:48:53] EDIT Inw/views/default/Pracownicy.html: 0
[2016-01-26 10:49:46] EDIT Inw/views/default/Pracownicy.html: 0
[2016-01-26 10:49:52] EDIT Inw/views/default/Pracownicy.html: 0
[2016-01-26 10:51:38] EDIT Inw/views/default/Pracownicy.html: 0
[2016-01-26 10:51:57] EDIT Inw/views/default/Pracownicy.html: -1
[2016-01-26 10:52:05] EDIT Inw/views/default/Pracownicy.html: 0
[2016-01-26 10:52:44] EDIT Inw/views/default/Pracownicy.html: 0
[2016-01-26 10:53:04] EDIT Inw/views/default/Pracownicy.html: 1
[2016-01-26 10:53:24] EDIT Inw/views/default/Pracownicy.html: 1
[2016-01-26 10:53:40] EDIT Inw/views/default/Pracownicy.html: 0
[2016-01-26 10:54:15] CREATE default/widoktest.html: 0
[2016-01-26 10:54:26] EDIT Inw/views/default/widoktest.html: 7
[2016-01-26 10:54:50] EDIT Inw/views/default/Pracownicy.html: -8
[2016-01-26 10:55:21] EDIT Inw/views/default/Pracownicy.html: -2
[2016-01-26 10:55:57] EDIT Inw/views/default/Pracownicy.html: 2
[2016-01-26 10:56:10] EDIT Inw/views/default/Pracownicy.html: 0
[2016-01-26 10:56:19] EDIT Inw/views/default/Pracownicy.html: -2
[2016-01-26 10:57:20] EDIT Inw/views/default/Pracownicy.html: 1
[2016-01-26 10:57:37] EDIT Inw/views/default/Pracownicy.html: 0
[2016-01-26 10:57:53] EDIT Inw/views/default/Pracownicy.html: 0
[2016-01-26 10:57:55] EDIT Inw/views/default/Pracownicy.html: 0
[2016-01-26 10:58:09] EDIT Inw/views/default/Pracownicy.html: 0
[2016-01-26 10:58:24] EDIT Inw/views/default/Pracownicy.html: 0
[2016-01-26 10:58:59] EDIT Inw/views/default/Pracownicy.html: 0
[2016-01-26 11:04:02] EDIT Inw/views/default/Pracownicy.html: -1
[2016-01-26 11:06:13] EDIT Inw/controllers/default.py: 1
[2016-01-26 11:07:57] EDIT Inw/views/default/Pracownicy.html: 0
[2016-01-26 11:08:29] EDIT Inw/views/default/Pracownicy.html: 0
[2016-01-26 11:10:07] EDIT Inw/views/default/Pracownicy.html: 0
[2016-01-26 11:10:50] EDIT Inw/views/default/Pracownicy.html: 0
[2016-01-26 11:10:59] EDIT Inw/views/default/Pracownicy.html: 0
[2016-01-26 11:17:17] EDIT Inw/views/default/Pracownicy.html: 0
[2016-01-26 11:18:16] EDIT Inw/views/default/Pracownicy.html: 0
[2016-01-26 11:21:04] EDIT Inw/views/default/Pracownicy.html: 0
[2016-01-26 11:23:07] EDIT Inw/views/default/Pracownicy.html: 1
[2016-01-26 11:23:50] EDIT Inw/views/default/Pracownicy.html: 1
[2016-01-26 12:27:12] EDIT Inw/views/default/Pracownicy.html: -2
[2016-01-26 12:32:10] EDIT Inw/models/db1.py: 0
[2016-01-26 12:33:54] EDIT Inw/controllers/default.py: 4
[2016-01-26 12:35:27] EDIT Inw/controllers/default.py: 0
[2016-01-26 12:36:50] EDIT Inw/controllers/default.py: 0
[2016-01-26 12:37:35] EDIT Inw/controllers/default.py: 0
[2016-01-26 12:39:18] EDIT Inw/controllers/default.py: 0
[2016-01-26 12:39:22] EDIT Inw/views/default/EdycjaPracownicy.html: 0
[2016-01-26 12:39:43] EDIT Inw/controllers/default.py: 0
[2016-01-26 12:39:55] EDIT Inw/controllers/default.py: 0
[2016-01-26 12:41:44] EDIT Inw/views/default/EdycjaPracownicy.html: 0
[2016-01-26 12:41:58] EDIT Inw/controllers/default.py: 0
[2016-01-26 12:42:55] EDIT Inw/controllers/default.py: 0
[2016-01-26 12:43:08] EDIT Inw/views/default/EdycjaPracownicy.html: 0
[2016-01-26 12:43:11] EDIT Inw/controllers/default.py: 0
[2016-01-26 12:46:07] CREATE default/EdycjaPracownicyx.html: 0
[2016-01-26 12:46:33] EDIT Inw/views/default/EdycjaPracownicyx.html: -1
[2016-01-26 12:46:48] EDIT Inw/controllers/default.py: 0
[2016-01-26 12:47:25] EDIT Inw/controllers/default.py: 0
[2016-01-26 12:47:28] EDIT Inw/views/default/EdycjaPracownicyx.html: 0
[2016-01-26 12:47:40] EDIT Inw/controllers/default.py: 0
[2016-01-26 12:56:30] EDIT Inw/views/default/Pracownicy.html: 0
[2016-01-26 12:56:49] EDIT Inw/views/default/Pracownicy.html: 0
[2016-01-26 12:58:33] EDIT Inw/controllers/default.py: 1
[2016-01-26 12:59:05] EDIT Inw/views/default/Pracownicy.html: 0
[2016-01-26 12:59:33] EDIT Inw/views/default/Pracownicy.html: 0
[2016-01-26 13:00:05] EDIT Inw/controllers/default.py: -1
[2016-01-26 13:07:34] EDIT Inw/views/default/Pracownicy.html: 0
[2016-01-26 13:08:05] EDIT Inw/views/default/Pracownicy.html: 0
[2016-01-26 13:08:28] EDIT Inw/views/default/Pracownicy.html: 0
[2016-01-26 13:08:53] EDIT Inw/views/default/Pracownicy.html: 0
[2016-01-26 13:10:22] EDIT Inw/views/default/Pracownicy.html: 0
[2016-01-26 13:13:17] EDIT Inw/models/db1.py: 1
[2016-01-26 13:13:45] EDIT Inw/models/db1.py: 0
[2016-01-26 13:19:31] EDIT Inw/models/db1.py: 0
[2016-01-26 13:20:24] EDIT Inw/models/db1.py: 0
[2016-01-26 13:20:34] EDIT Inw/models/db1.py: 0
[2016-01-26 13:20:42] EDIT Inw/models/db1.py: 0
[2016-01-26 13:21:31] EDIT Inw/models/db1.py: 0
[2016-01-26 13:23:03] EDIT Inw/models/db1.py: 1
[2016-01-26 13:23:16] EDIT Inw/models/db1.py: 0
[2016-01-26 13:27:07] EDIT Inw/controllers/default.py: 2
[2016-01-26 13:28:55] EDIT Inw/views/default/Pracownicy.html: 1
[2016-01-26 13:29:09] EDIT Inw/views/default/Pracownicy.html: 0
[2016-01-26 13:29:23] EDIT Inw/views/default/Pracownicy.html: 0
[2016-01-26 13:29:40] EDIT Inw/views/default/Pracownicy.html: 0
[2016-01-26 13:31:43] EDIT Inw/views/default/Pracownicy.html: 0
[2016-01-26 13:33:59] EDIT Inw/controllers/default.py: 2
[2016-01-26 13:34:14] EDIT Inw/controllers/default.py: -2
[2016-01-26 13:41:47] EDIT Inw/views/default/Pracownicy.html: -1
[2016-01-26 13:44:37] EDIT Inw/views/default/Pracownicy.html: 0
[2016-01-26 13:44:55] EDIT Inw/views/default/Pracownicy.html: 0
[2016-01-26 14:30:10] EDIT Inw/views/default/Sprzet.html: -7
[2016-01-26 14:31:07] EDIT Inw/views/default/Sprzet.html: 0
[2016-01-26 14:31:54] EDIT Inw/controllers/default.py: 0
[2016-01-26 14:32:40] EDIT Inw/views/default/Sprzet.html: 0
[2016-01-26 14:37:06] EDIT Inw/views/default/Sprzet.html: 0
[2016-01-26 14:37:08] EDIT Inw/models/db1.py: 0
[2016-01-26 14:37:10] EDIT Inw/controllers/default.py: 0
[2016-01-26 14:38:12] EDIT Inw/views/default/Sprzet.html: 0
[2016-01-26 14:38:28] EDIT Inw/views/default/Sprzet.html: 0
[2016-01-26 14:40:32] EDIT Inw/views/default/Sprzet.html: 0
[2016-01-26 14:41:33] EDIT Inw/views/default/Sprzet.html: 0
[2016-01-26 14:42:22] EDIT Inw/views/default/Sprzet.html: 0
[2016-01-26 14:47:45] EDIT Inw/views/default/Sprzet.html: 0
[2016-01-26 14:48:11] EDIT Inw/views/default/Sprzet.html: 0
[2016-01-26 14:49:30] EDIT Inw/controllers/default.py: 4
[2016-01-26 14:49:47] CREATE default/EdycjaSprzetx.html: 0
[2016-01-26 14:49:54] EDIT Inw/views/default/EdycjaSprzetx.html: -1
[2016-01-26 14:50:33] EDIT Inw/controllers/default.py: 0
[2016-01-26 14:50:57] EDIT Inw/controllers/default.py: 0
[2016-01-26 14:51:45] EDIT Inw/views/default/Sprzet.html: 0
[2016-01-26 14:52:34] EDIT Inw/views/default/Sprzet.html: 0
[2016-01-26 15:21:43] EDIT Inw/models/0.py: 0
[2016-01-26 15:23:59] EDIT Inw/models/0.py: 25
[2016-01-26 15:24:07] EDIT Inw/models/0.py: 0
[2016-01-26 15:25:53] EDIT Inw/models/0.py: -29
[2016-01-26 15:26:28] EDIT Inw/controllers/default.py: 29
[2016-01-26 15:27:48] EDIT Inw/controllers/default.py: 0
[2016-01-26 15:32:50] EDIT Inw/controllers/default.py: 0
[2016-01-26 15:35:05] EDIT Inw/controllers/default.py: 0
[2016-01-26 15:46:15] EDIT Inw/controllers/default.py: 0
[2016-01-26 15:47:34] EDIT Inw/controllers/default.py: 0
[2016-01-26 15:47:38] EDIT Inw/controllers/default.py: 0
[2016-01-26 15:48:15] EDIT Inw/controllers/default.py: 0
[2016-01-26 15:51:40] EDIT Inw/controllers/default.py: 1
[2016-01-26 15:52:11] EDIT Inw/controllers/default.py: 0
[2016-01-26 15:52:30] EDIT Inw/controllers/default.py: 0
[2016-01-26 15:52:42] EDIT Inw/controllers/default.py: 0
[2016-01-26 15:52:54] EDIT Inw/controllers/default.py: 0
[2016-01-26 15:53:08] EDIT Inw/controllers/default.py: 0
[2016-01-26 15:53:26] EDIT Inw/controllers/default.py: 0
[2016-01-26 15:54:01] EDIT Inw/controllers/default.py: 0
[2016-01-26 15:55:07] EDIT Inw/controllers/default.py: -1
[2016-01-26 15:55:35] EDIT Inw/controllers/default.py: 0
[2016-01-26 15:55:42] EDIT Inw/controllers/default.py: 0
[2016-01-26 15:56:29] EDIT Inw/controllers/default.py: 0
[2016-01-27 11:33:03] EDIT Inw/controllers/default.py: 0
[2016-01-27 11:33:38] EDIT Inw/controllers/default.py: 0
[2016-01-27 11:35:43] EDIT Inw/controllers/default.py: 0
[2016-01-27 11:35:52] EDIT Inw/controllers/default.py: 0
[2016-01-27 11:37:30] EDIT Inw/controllers/default.py: 0
[2016-01-29 10:25:36] EDIT Inw/views/default/Pracownicy.html: 1
[2016-01-29 10:25:57] EDIT Inw/views/default/Pracownicy.html: 0
[2016-01-29 10:26:58] EDIT Inw/views/default/Pracownicy.html: 0
[2016-01-29 10:27:47] EDIT Inw/views/default/Pracownicy.html: -1
[2016-01-29 10:28:17] EDIT Inw/views/default/Pracownicy.html: 1
[2016-01-29 10:28:34] EDIT Inw/views/default/Pracownicy.html: -1
[2016-01-29 10:29:50] EDIT Inw/views/default/Pracownicy.html: 0
[2016-01-29 10:30:29] EDIT Inw/views/default/Pracownicy.html: 0
[2016-01-29 10:30:58] EDIT Inw/views/default/Pracownicy.html: 0
[2016-01-29 10:31:19] EDIT Inw/views/default/Pracownicy.html: 0
[2016-01-29 10:31:35] EDIT Inw/views/default/Pracownicy.html: 0
[2016-01-29 10:32:08] EDIT Inw/views/default/Pracownicy.html: 0
[2016-02-01 10:16:04] EDIT Inw/controllers/default.py: -29
[2016-02-01 10:18:41] EDIT Inw/models/0.py: 5
[2016-02-01 10:18:51] EDIT Inw/controllers/default.py: 0
[2016-02-01 10:20:00] EDIT Inw/models/0.py: 1
[2016-02-01 10:20:43] EDIT Inw/controllers/default.py: 0
[2016-02-01 10:25:45] EDIT Inw/models/0.py: -1
[2016-02-01 10:25:53] EDIT Inw/models/0.py: 0
[2016-02-01 10:27:06] EDIT Inw/models/0.py: 0
[2016-02-01 10:29:11] EDIT Inw/controllers/default.py: 0
[2016-02-01 10:30:49] EDIT Inw/models/0.py: 1
[2016-02-01 10:32:51] EDIT Inw/controllers/default.py: -1
[2016-02-01 10:34:33] EDIT Inw/models/0.py: -1
[2016-02-01 10:34:42] EDIT Inw/controllers/default.py: 1
[2016-02-01 10:45:45] EDIT Inw/models/0.py: 0
[2016-02-01 10:46:47] EDIT Inw/models/0.py: 0
[2016-02-01 10:48:21] EDIT Inw/models/0.py: 0
[2016-02-01 10:52:01] EDIT Inw/controllers/default.py: 3
[2016-02-01 10:53:22] EDIT Inw/controllers/default.py: -2
[2016-02-01 10:53:24] EDIT Inw/models/0.py: 1
[2016-02-01 10:53:52] EDIT Inw/controllers/default.py: -1
[2016-02-01 10:53:53] EDIT Inw/models/0.py: 0
[2016-02-01 10:58:59] EDIT Inw/controllers/default.py: 29
[2016-02-01 10:59:56] EDIT Inw/controllers/default.py: 0
[2016-02-01 11:00:58] EDIT Inw/controllers/default.py: 0
[2016-02-01 11:01:16] EDIT Inw/controllers/default.py: 0
[2016-02-01 11:01:49] EDIT Inw/controllers/default.py: 0
[2016-02-01 11:02:31] EDIT Inw/controllers/default.py: -29
[2016-02-01 11:03:03] EDIT Inw/models/0.py: -2
[2016-02-01 11:03:10] EDIT Inw/models/0.py: 0
[2016-02-01 11:03:20] EDIT Inw/controllers/default.py: 0
[2016-02-01 11:04:30] EDIT Inw/controllers/default.py: 0
[2016-02-01 11:05:49] EDIT Inw/models/0.py: 0
[2016-02-01 11:06:26] EDIT Inw/models/0.py: 0
[2016-02-01 11:06:28] EDIT Inw/controllers/default.py: 0
[2016-02-01 11:11:07] EDIT Inw/models/0.py: 0
[2016-02-01 11:11:12] EDIT Inw/controllers/default.py: 0
[2016-02-01 11:12:00] EDIT Inw/models/0.py: 0
[2016-02-01 11:21:19] EDIT Inw/models/0.py: 2
[2016-02-01 11:21:22] EDIT Inw/controllers/default.py: 0
[2016-02-01 11:21:45] EDIT Inw/models/0.py: 1
[2016-02-01 11:23:01] EDIT Inw/models/db1.py: -11
[2016-02-01 11:23:44] EDIT Inw/models/db1.py: 11
[2016-02-01 11:24:08] EDIT Inw/models/db1.py: 0
[2016-02-01 11:24:58] EDIT Inw/models/db1.py: -4
[2016-02-01 11:25:40] EDIT Inw/models/db1.py: 4
[2016-02-01 11:27:10] EDIT Inw/models/0.py: 0
[2016-02-01 12:40:51] EDIT Inw/models/db.py: 0
[2016-02-01 12:41:17] EDIT Inw/models/db.py: 0
[2016-02-01 12:41:32] EDIT Inw/models/0.py: 0
[2016-02-01 12:41:36] EDIT Inw/models/0.py: -1
[2016-02-01 12:41:55] EDIT Inw/models/0.py: 0
[2016-02-01 12:41:55] EDIT Inw/controllers/default.py: 0
[2016-02-01 12:41:56] EDIT Inw/models/db1.py: 0
[2016-02-01 12:43:00] EDIT Inw/models/0.py: -1
[2016-02-01 12:43:27] EDIT Inw/controllers/default.py: -1
[2016-02-01 12:43:31] EDIT Inw/controllers/default.py: 0
[2016-02-01 12:43:34] EDIT Inw/models/db.py: 0
[2016-02-01 12:43:35] EDIT Inw/models/0.py: 0
[2016-02-01 12:43:36] EDIT Inw/models/db1.py: 0
[2016-02-01 12:48:11] EDIT Inw/controllers/default.py: 1
[2016-02-01 12:48:19] EDIT Inw/controllers/default.py: 0
[2016-02-01 12:48:20] EDIT Inw/models/db1.py: 0
[2016-02-01 12:48:21] EDIT Inw/models/0.py: 0
[2016-02-01 12:48:22] EDIT Inw/models/db.py: 0
[2016-02-01 12:49:39] EDIT Inw/controllers/default.py: 0
[2016-02-01 12:49:46] EDIT Inw/controllers/default.py: 0
[2016-02-01 12:50:24] EDIT Inw/controllers/default.py: -1
[2016-02-01 12:58:12] EDIT Inw/models/0.py: 0
[2016-02-01 12:58:20] EDIT Inw/models/db1.py: 0
[2016-02-01 12:58:21] EDIT Inw/controllers/default.py: 0
[2016-02-01 12:58:22] EDIT Inw/models/0.py: 0
[2016-02-01 12:58:24] EDIT Inw/models/db.py: 0
[2016-02-01 12:59:19] EDIT Inw/models/0.py: 0
[2016-02-01 12:59:28] EDIT Inw/models/0.py: 0
[2016-02-01 12:59:29] EDIT Inw/controllers/default.py: 0
[2016-02-01 12:59:30] EDIT Inw/models/db1.py: 0
[2016-02-01 12:59:32] EDIT Inw/models/db.py: 0
[2016-02-01 13:05:04] EDIT Inw/models/db.py: 2
[2016-02-01 13:05:08] EDIT Inw/models/0.py: 0
[2016-02-01 13:05:11] EDIT Inw/controllers/default.py: 0
[2016-02-01 13:05:13] EDIT Inw/models/db1.py: 0
[2016-02-01 13:10:44] EDIT Inw/models/db1.py: 1
[2016-02-01 13:15:43] EDIT Inw/models/0.py: 0
[2016-02-01 13:20:48] EDIT Inw/models/0.py: 0
[2016-02-01 13:27:19] EDIT Inw/models/0.py: 0
[2016-02-01 13:27:25] EDIT Inw/models/db.py: 0
[2016-02-01 13:28:34] EDIT Inw/models/0.py: 0
[2016-02-01 13:28:38] EDIT Inw/models/0.py: 0
[2016-02-01 13:36:47] EDIT Inw/controllers/default.py: 0
[2016-02-01 13:37:21] EDIT Inw/controllers/default.py: 0
[2016-02-01 13:39:06] EDIT Inw/controllers/default.py: 24
[2016-02-01 14:04:34] EDIT Inw/models/db1.py: 0
[2016-02-01 14:05:01] EDIT Inw/models/db1.py: 0
[2016-02-01 14:05:25] EDIT Inw/models/db1.py: 0
[2016-02-01 14:06:15] EDIT Inw/models/db1.py: 0
[2016-02-01 14:06:40] EDIT Inw/models/db1.py: 0
[2016-02-01 14:07:22] EDIT Inw/models/db1.py: 0
[2016-02-01 14:07:36] EDIT Inw/models/db1.py: 0
[2016-02-01 14:09:07] EDIT Inw/models/db1.py: 0
[2016-02-01 14:09:47] EDIT Inw/models/db1.py: 0
[2016-02-01 14:09:59] EDIT Inw/models/db1.py: 0
[2016-02-01 14:10:10] EDIT Inw/models/db1.py: 0
[2016-02-02 14:59:46] EDIT Inw/views/default/index.html: 0
[2016-02-02 15:00:14] EDIT Inw/views/default/index.html: 0
[2016-02-02 15:00:28] EDIT Inw/views/default/index.html: 0
[2016-02-02 15:01:01] EDIT Inw/views/default/index.html: 0
[2016-02-02 15:01:36] EDIT Inw/views/default/index.html: 3
[2016-02-02 15:01:46] EDIT Inw/views/default/index.html: -2
[2016-02-02 15:02:01] EDIT Inw/views/default/index.html: 0
[2016-02-02 15:33:05] EDIT Inw/views/default/index.html: -1
[2016-02-02 15:35:07] EDIT Inw/views/default/Pracownicy.html: 5
[2016-02-02 15:36:02] EDIT Inw/views/default/Pracownicy.html: 2
[2016-02-02 15:36:32] EDIT Inw/views/default/Pracownicy.html: 0
[2016-02-02 15:36:55] EDIT Inw/views/default/Pracownicy.html: 0
[2016-02-02 15:37:07] EDIT Inw/views/default/Pracownicy.html: 0
[2016-02-02 15:37:32] EDIT Inw/views/default/Pracownicy.html: 0
[2016-02-02 15:38:02] EDIT Inw/views/default/Pracownicy.html: 0
[2016-02-02 15:38:15] EDIT Inw/views/default/Pracownicy.html: 0
[2016-02-02 15:38:31] EDIT Inw/views/default/Pracownicy.html: 0
[2016-02-02 15:39:08] EDIT Inw/views/default/Pracownicy.html: 0
[2016-02-02 15:39:19] EDIT Inw/views/default/Pracownicy.html: 0
[2016-02-03 10:22:35] EDIT Inw/controllers/default.py: 25
[2016-02-03 10:22:45] EDIT Inw/controllers/default.py: 1
[2016-02-03 10:23:18] EDIT Inw/models/0.py: 0
[2016-02-03 10:24:24] EDIT Inw/controllers/default.py: 0
[2016-02-03 10:25:49] EDIT Inw/models/db.py: -5
[2016-02-03 10:26:28] EDIT Inw/models/db.py: 3
[2016-02-03 10:27:40] EDIT Inw/models/0.py: 0
[2016-02-03 10:27:45] EDIT Inw/models/0.py: 0
[2016-02-03 10:33:15] EDIT Inw/models/0.py: -1
[2016-02-03 10:34:21] EDIT Inw/models/0.py: 0
[2016-02-03 10:38:56] EDIT Inw/models/0.py: 0
[2016-02-03 10:40:09] EDIT Inw/models/0.py: 0
[2016-02-03 11:14:29] EDIT Inw/models/0.py: 0
[2016-02-03 11:15:11] EDIT Inw/models/0.py: 0
[2016-02-03 11:15:18] EDIT Inw/models/0.py: -2
[2016-02-03 11:15:21] EDIT Inw/models/0.py: 0
[2016-02-03 11:15:52] EDIT Inw/models/0.py: 2
[2016-02-03 11:16:11] EDIT Inw/models/0.py: 0
[2016-02-03 11:17:32] EDIT Inw/controllers/default.py: 1
[2016-02-03 11:17:45] EDIT Inw/controllers/default.py: 0
[2016-02-03 11:18:39] EDIT Inw/controllers/default.py: -3
[2016-02-03 11:19:19] EDIT Inw/controllers/default.py: 5
[2016-02-03 11:21:02] EDIT Inw/controllers/default.py: 0
[2016-02-03 11:21:59] EDIT Inw/controllers/default.py: -5
[2016-02-03 11:23:00] EDIT Inw/controllers/default.py: 1
[2016-02-03 11:23:05] EDIT Inw/controllers/default.py: 0
[2016-02-03 11:24:32] EDIT Inw/controllers/default.py: 1
[2016-02-03 11:25:07] EDIT Inw/controllers/default.py: -2
[2016-02-03 11:28:00] EDIT Inw/controllers/default.py: 2
[2016-02-03 15:01:35] EDIT Inw/controllers/default.py: 1
[2016-02-03 15:06:30] EDIT Inw/controllers/default.py: 0
[2016-02-03 15:06:40] EDIT Inw/controllers/default.py: 0
[2016-02-03 15:08:24] EDIT Inw/controllers/default.py: 0
[2016-02-03 15:10:11] EDIT Inw/controllers/default.py: 0
[2016-02-03 15:11:34] EDIT Inw/controllers/default.py: 0
[2016-02-03 15:13:18] EDIT Inw/controllers/default.py: 0
[2016-02-03 15:15:59] EDIT Inw/controllers/default.py: 0
[2016-02-03 15:16:58] EDIT Inw/controllers/default.py: 0
[2016-02-03 15:17:55] EDIT Inw/controllers/default.py: 0
[2016-02-03 15:19:02] EDIT Inw/controllers/default.py: 0
[2016-02-03 15:22:59] EDIT Inw/controllers/default.py: 1
[2016-02-03 15:23:09] EDIT Inw/controllers/default.py: 0
[2016-02-03 15:24:48] EDIT Inw/controllers/default.py: -1
[2016-02-03 15:25:43] EDIT Inw/controllers/default.py: 1
[2016-02-03 15:31:21] EDIT Inw/views/default/Sprzet.html: 0
[2016-02-03 15:31:35] EDIT Inw/views/default/Sprzet.html: 0
[2016-02-03 15:31:47] EDIT Inw/views/default/Sprzet.html: 0
[2016-02-03 15:32:24] EDIT Inw/views/default/Sprzet.html: 0
[2016-02-03 15:33:28] EDIT Inw/views/default/Sprzet.html: 1
[2016-02-03 15:34:30] EDIT Inw/views/default/Sprzet.html: -1
[2016-02-03 15:36:54] EDIT Inw/views/default/Sprzet.html: 0
[2016-02-03 15:42:06] EDIT Inw/views/default/Sprzet.html: 0
[2016-02-03 15:42:15] EDIT Inw/views/default/Sprzet.html: 0
[2016-02-03 15:42:35] EDIT Inw/views/default/Sprzet.html: 0
[2016-02-03 15:44:00] EDIT Inw/controllers/default.py: 2
[2016-02-03 15:45:16] EDIT Inw/views/default/Sprzet.html: 0
[2016-02-03 15:48:07] EDIT Inw/controllers/default.py: -4
[2016-02-03 15:48:22] EDIT Inw/views/default/Oczekujace.html: -2
[2016-02-03 15:48:37] EDIT Inw/views/default/Oczekujace.html: 0
[2016-02-03 15:55:30] EDIT Inw/models/db1.py: 1
[2016-02-03 15:55:54] EDIT Inw/models/db1.py: -1
[2016-02-03 15:58:54] EDIT Inw/models/db1.py: 0
[2016-02-03 16:04:02] EDIT Inw/views/default/Sprzet.html: 0
[2016-02-03 16:05:07] EDIT Inw/controllers/default.py: 1
[2016-02-04 13:05:13] EDIT Inw/models/db1.py: 2
[2016-02-04 14:18:32] EDIT Inw/controllers/default.py: 37
[2016-02-04 14:19:19] CREATE default/Zamowienie.html: 0
[2016-02-04 14:19:28] EDIT Inw/views/default/Zamowienie.html: 0
[2016-02-04 14:19:51] EDIT Inw/views/default/Zamowienie.html: -1
[2016-02-04 14:20:28] EDIT Inw/models/db1.py: 0
[2016-02-04 14:21:12] EDIT Inw/controllers/default.py: 0
[2016-02-04 14:22:21] EDIT Inw/controllers/default.py: 0
[2016-02-04 14:23:53] EDIT Inw/controllers/default.py: 3
[2016-02-04 14:24:10] CREATE default/OczekujaceZamowienia.html: 0
[2016-02-04 14:25:45] EDIT Inw/views/default/OczekujaceZamowienia.html: -1
[2016-02-04 14:27:02] EDIT Inw/views/default/OczekujaceZamowienia.html: 0
[2016-02-04 14:28:24] EDIT Inw/views/default/OczekujaceZamowienia.html: 0
[2016-02-04 14:30:02] EDIT Inw/views/default/OczekujaceZamowienia.html: 0
[2016-02-08 19:06:24] EDIT Inw/controllers/default.py: 0
[2016-02-08 19:08:45] EDIT Inw/controllers/default.py: 0
[2016-02-08 19:11:43] EDIT Inw/controllers/default.py: 0
[2016-02-08 19:12:56] EDIT Inw/controllers/default.py: 0
[2016-02-08 19:13:49] EDIT Inw/controllers/default.py: 0
[2016-02-08 19:17:03] EDIT Inw/controllers/default.py: -4
[2016-02-08 19:17:56] EDIT Inw/controllers/default.py: 0
[2016-02-08 19:18:47] EDIT Inw/controllers/default.py: -1
[2016-02-08 19:19:51] EDIT Inw/controllers/default.py: 1
[2016-02-08 19:20:47] EDIT Inw/controllers/default.py: 0
[2016-02-08 19:21:27] EDIT Inw/controllers/default.py: -1
[2016-02-09 08:38:51] EDIT Inw/views/default/indexx.html: 4
[2016-02-09 08:39:12] EDIT Inw/views/default/indexx.html: -4
[2016-02-09 08:39:22] EDIT Inw/views/default/indexxx.html: 4
[2016-02-09 09:11:31] EDIT Inw/models/menu.py: 9
[2016-02-09 09:12:44] EDIT Inw/models/menu.py: 0
[2016-02-09 09:13:57] EDIT Inw/models/menu.py: 0
[2016-02-09 09:15:04] EDIT Inw/models/menu.py: 0
[2016-02-09 09:15:14] EDIT Inw/models/menu.py: 0
[2016-02-09 09:15:34] EDIT Inw/models/menu.py: -1
[2016-02-09 09:15:40] EDIT Inw/models/menu.py: 0
[2016-02-09 09:15:57] EDIT Inw/models/menu.py: 0
[2016-02-09 09:17:55] EDIT Inw/models/menu.py: 0
[2016-02-09 09:23:27] EDIT Inw/models/menu.py: 0
[2016-02-09 09:28:29] EDIT Inw/models/menu.py: 0
[2016-02-09 09:29:59] EDIT Inw/models/menu.py: 0
[2016-02-09 09:31:06] EDIT Inw/models/menu.py: -9
[2016-02-09 10:45:10] EDIT Inw/controllers/default.py: 4
[2016-02-09 10:45:25] CREATE default/xaxaxa.html: 0
[2016-02-09 10:46:03] EDIT Inw/views/default/xaxaxa.html: -1
[2016-02-09 10:46:50] EDIT Inw/views/default/xaxaxa.html: 0
[2016-02-09 10:49:05] EDIT Inw/controllers/default.py: -1
[2016-02-09 10:49:11] EDIT Inw/views/default/xaxaxa.html: 0
[2016-02-09 10:58:01] EDIT Inw/views/default/xaxaxa.html: 8
[2016-02-09 10:58:19] EDIT Inw/views/default/xaxaxa.html: 1
[2016-02-09 10:58:51] EDIT Inw/views/default/xaxaxa.html: 0
[2016-02-09 11:00:32] EDIT Inw/views/default/xaxaxa.html: 0
[2016-02-12 09:35:03] EDIT Inw/controllers/default.py: -5
[2016-02-12 09:35:50] EDIT Inw/controllers/default.py: 0
[2016-02-12 09:36:41] EDIT Inw/controllers/default.py: 0
[2016-02-12 10:07:51] EDIT Inw/controllers/default.py: 2
[2016-02-12 10:09:37] EDIT Inw/controllers/default.py: 1
[2016-02-12 10:10:05] EDIT Inw/controllers/default.py: 0
[2016-02-12 10:10:20] EDIT Inw/controllers/default.py: 0
[2016-02-12 10:12:58] EDIT Inw/controllers/default.py: 0
[2016-02-12 10:13:44] EDIT Inw/controllers/default.py: 0
[2016-02-12 10:17:31] EDIT Inw/controllers/default.py: 1
[2016-02-12 10:17:46] EDIT Inw/controllers/default.py: -1
[2016-02-12 10:18:07] EDIT Inw/controllers/default.py: 0
[2016-02-12 10:37:14] EDIT Inw/controllers/default.py: 0
[2016-02-12 10:37:24] EDIT Inw/controllers/default.py: 0
[2016-02-12 10:38:12] EDIT Inw/controllers/default.py: 0
[2016-02-12 10:51:56] EDIT Inw/controllers/default.py: 1
[2016-02-12 10:52:40] EDIT Inw/controllers/default.py: 0
[2016-02-12 10:57:40] EDIT Inw/controllers/default.py: -1
[2016-02-12 10:54:06] EDIT Inw/controllers/default.py: 3
[2016-02-12 10:54:23] CREATE default/indexA.html: 0
[2016-02-12 10:56:17] EDIT Inw/views/default/indexA.html: 8
[2016-02-12 10:56:24] EDIT Inw/views/default/indexx.html: -4
[2016-02-12 10:56:28] EDIT Inw/controllers/default.py: -1
[2016-02-12 12:42:27] CREATE default/indexxxA.html: 0
[2016-02-12 12:42:46] EDIT Inw/views/default/indexxxA.html: 12
[2016-02-12 12:42:52] EDIT Inw/views/default/indexxx.html: -4
[2016-02-12 12:44:14] EDIT Inw/views/default/indexxx.html: 0
[2016-02-12 12:44:15] EDIT Inw/controllers/default.py: 2
[2016-02-12 12:44:17] EDIT Inw/views/default/indexxxA.html: 0
[2016-02-12 12:45:27] EDIT Inw/controllers/default.py: -29
[2016-02-12 12:54:55] EDIT Inw/controllers/default.py: -19
[2016-02-12 13:18:49] EDIT Inw/models/db1.py: 0
[2016-02-12 13:19:49] EDIT Inw/controllers/default.py: 2
[2016-02-12 13:21:03] EDIT Inw/models/db1.py: -1
[2016-02-12 13:21:24] EDIT Inw/views/default/Sprzet.html: 0
[2016-02-12 13:45:36] EDIT Inw/models/db1.py: 3
[2016-02-12 15:46:18] EDIT Inw/models/db1.py: 0
[2016-02-12 15:46:41] EDIT Inw/models/db1.py: 0
[2016-02-12 15:47:30] EDIT Inw/models/db1.py: 0
[2016-02-15 08:43:21] EDIT Inw/models/db1.py: -2
[2016-02-15 08:43:54] EDIT Inw/models/db1.py: 0
[2016-02-15 08:46:33] EDIT Inw/models/db1.py: 2
[2016-02-15 08:48:10] EDIT Inw/views/default/Sprzet.html: 0
[2016-02-15 08:53:32] EDIT Inw/controllers/default.py: 1
[2016-02-15 08:53:47] EDIT Inw/views/default/Sprzet.html: 0
[2016-02-15 08:54:09] EDIT Inw/controllers/default.py: 0
[2016-02-22 09:40:53] EDIT Inw/models/menu.py: 3
[2016-02-22 09:41:09] EDIT Inw/models/menu.py: 0
[2016-02-22 09:41:53] EDIT Inw/models/menu.py: -1
[2016-02-22 09:42:52] EDIT Inw/models/menu.py: 1
[2016-02-22 09:43:32] EDIT Inw/models/menu.py: 0
[2016-02-22 09:43:50] EDIT Inw/models/menu.py: 0
[2016-02-22 09:43:55] EDIT Inw/models/menu.py: 0
[2016-02-22 09:48:49] EDIT Inw/models/menu.py: -1
[2016-02-22 09:49:44] EDIT Inw/models/db1.py: 0
[2016-02-22 09:50:55] EDIT Inw/controllers/default.py: 1
[2016-02-22 09:51:08] EDIT Inw/views/default/indexxxA.html: 1
[2016-02-22 09:52:11] EDIT Inw/models/db1.py: 0
[2016-02-22 09:53:59] EDIT Inw/models/db1.py: -2
[2016-02-22 09:54:37] EDIT Inw/models/db1.py: 0
[2016-02-22 09:55:05] EDIT Inw/models/db1.py: 0
[2016-02-22 09:55:51] EDIT Inw/views/default/indexxxA.html: 0
[2016-02-22 10:00:40] EDIT Inw/views/default/indexxxA.html: -1
[2016-02-22 10:01:24] EDIT Inw/controllers/default.py: -1
[2016-02-22 10:01:43] EDIT Inw/views/default/Sprzet.html: 0
[2016-02-22 10:08:30] EDIT Inw/controllers/default.py: 0
[2016-02-22 10:09:05] EDIT Inw/views/default/indexxxA.html: 1
[2016-02-22 10:10:03] EDIT Inw/controllers/default.py: 0
[2016-02-22 10:11:04] EDIT Inw/controllers/default.py: 0
[2016-02-22 12:01:37] EDIT Inw/controllers/default.py: 0
[2016-02-22 14:10:31] EDIT Inw/models/db1.py: 0
[2016-02-25 12:00:28] EDIT Inw/controllers/default.py: 1
[2016-02-25 12:01:10] EDIT Inw/controllers/default.py: 0
[2016-02-25 12:02:00] EDIT Inw/controllers/default.py: 0
[2016-02-25 12:03:16] EDIT Inw/controllers/default.py: 0
[2016-02-25 12:03:53] EDIT Inw/views/default/index.html: 1
[2016-02-25 12:04:02] EDIT Inw/views/default/index.html: 0
[2016-02-25 12:04:46] EDIT Inw/controllers/default.py: 0
[2016-02-25 12:06:26] EDIT Inw/controllers/default.py: 0
[2016-02-25 12:06:31] EDIT Inw/controllers/default.py: 0
[2016-02-25 12:07:07] EDIT Inw/controllers/default.py: 0
[2016-02-25 12:07:17] EDIT Inw/views/default/index.html: 0
[2016-02-25 12:09:30] EDIT Inw/views/default/indexxxA.html: -1
[2016-02-25 12:10:33] EDIT Inw/controllers/default.py: 0
[2016-02-25 12:12:41] EDIT Inw/controllers/default.py: 0
[2016-02-25 12:12:57] EDIT Inw/controllers/default.py: 0
[2016-02-25 12:13:18] EDIT Inw/controllers/default.py: 0
[2016-02-25 12:13:46] EDIT Inw/controllers/default.py: 0
[2016-02-25 12:15:17] EDIT Inw/controllers/default.py: 0
[2016-02-25 12:17:13] EDIT Inw/controllers/default.py: 0
[2016-02-25 12:17:33] EDIT Inw/controllers/default.py: 0
[2016-02-25 12:18:13] EDIT Inw/controllers/default.py: 0
[2016-02-25 12:19:36] EDIT Inw/controllers/default.py: 0
[2016-02-25 12:25:05] EDIT Inw/controllers/default.py: 1
[2016-02-25 12:25:34] EDIT Inw/controllers/default.py: 0
[2016-02-25 12:29:48] EDIT Inw/controllers/default.py: 0
[2016-02-25 12:33:37] EDIT Inw/controllers/default.py: 0
[2016-02-25 12:34:29] EDIT Inw/controllers/default.py: 0
[2016-02-25 12:34:48] EDIT Inw/controllers/default.py: 0
[2016-02-25 12:39:41] EDIT Inw/controllers/default.py: 0
[2016-02-25 12:44:58] EDIT Inw/controllers/default.py: 2
[2016-02-25 12:45:59] EDIT Inw/controllers/default.py: 0
[2016-02-25 12:46:05] EDIT Inw/controllers/default.py: 0
[2016-02-25 12:46:46] EDIT Inw/controllers/default.py: 0
[2016-02-25 12:48:06] EDIT Inw/controllers/default.py: 0
[2016-02-25 12:48:35] EDIT Inw/controllers/default.py: 0
[2016-02-25 12:50:05] EDIT Inw/controllers/default.py: 0
[2016-02-25 13:29:11] EDIT Inw/models/db1.py: 3
[2016-02-25 13:29:54] EDIT Inw/models/db1.py: 0
[2016-02-25 13:31:17] EDIT Inw/models/db1.py: 0
[2016-02-25 13:32:15] EDIT Inw/models/db1.py: 0
[2016-02-25 13:33:54] EDIT Inw/models/db1.py: 0
[2016-02-25 13:34:22] EDIT Inw/models/db1.py: 0
[2016-02-25 13:57:37] EDIT Inw/models/db1.py: -1
[2016-02-25 13:57:54] EDIT Inw/models/db1.py: -1
[2016-02-25 14:00:00] EDIT Inw/controllers/default.py: 0
[2016-02-25 14:00:22] EDIT Inw/controllers/default.py: -2
[2016-02-25 14:01:14] EDIT Inw/views/default/Pracownicy.html: 0
[2016-02-25 14:01:41] EDIT Inw/views/default/Pracownicy.html: -7
[2016-02-25 14:02:03] EDIT Inw/views/default/Pracownicy.html: 0
[2016-02-25 14:02:14] EDIT Inw/views/default/Pracownicy.html: 0
[2016-02-25 14:02:29] EDIT Inw/views/default/Pracownicy.html: 0
[2016-02-25 14:02:58] EDIT Inw/views/default/Pracownicy.html: 0
[2016-02-25 14:05:22] EDIT Inw/models/db1.py: -2
[2016-02-25 14:06:54] EDIT Inw/controllers/default.py: -1
[2016-02-25 14:07:06] EDIT Inw/controllers/default.py: 0
[2016-02-25 14:08:06] EDIT Inw/controllers/default.py: 1
[2016-02-25 14:08:21] EDIT Inw/controllers/default.py: 0
[2016-02-25 14:10:45] EDIT Inw/views/default/Pracownicy.html: 0
[2016-02-25 14:12:01] EDIT Inw/views/default/Pracownicy.html: 0
[2016-02-25 14:13:21] EDIT Inw/views/default/Pracownicy.html: 0
[2016-02-25 14:14:14] EDIT Inw/views/default/Pracownicy.html: 0
[2016-02-25 14:14:42] EDIT Inw/views/default/Pracownicy.html: 0
[2016-02-25 14:14:57] EDIT Inw/views/default/Pracownicy.html: 0
[2016-02-25 14:16:00] EDIT Inw/views/default/Pracownicy.html: 0
[2016-02-25 14:16:15] EDIT Inw/views/default/Pracownicy.html: 0
[2016-02-25 14:16:28] EDIT Inw/views/default/Pracownicy.html: 0
[2016-02-25 14:16:40] EDIT Inw/views/default/Pracownicy.html: 0
[2016-02-25 14:16:51] EDIT Inw/views/default/Pracownicy.html: 0
[2016-02-25 14:17:52] EDIT Inw/views/default/Pracownicy.html: 0
[2016-02-25 14:18:12] EDIT Inw/views/default/Pracownicy.html: 0
[2016-02-25 14:19:01] EDIT Inw/views/default/Pracownicy.html: 0
[2016-02-25 14:19:38] EDIT Inw/views/default/Pracownicy.html: 0
[2016-02-25 14:21:16] EDIT Inw/views/default/Pracownicy.html: 0
[2016-02-25 14:21:58] EDIT Inw/views/default/Pracownicy.html: 0
[2016-02-25 14:27:04] EDIT Inw/views/default/Pracownicy.html: 0
[2016-02-25 14:27:30] EDIT Inw/views/default/Pracownicy.html: 0
[2016-02-25 14:27:55] EDIT Inw/views/default/Pracownicy.html: 0
[2016-02-25 14:28:54] EDIT Inw/views/default/Pracownicy.html: 0
[2016-02-25 14:29:15] EDIT Inw/views/default/Pracownicy.html: 0
[2016-02-25 14:29:27] EDIT Inw/views/default/Pracownicy.html: 0
[2016-02-25 14:29:44] EDIT Inw/views/default/Pracownicy.html: 0
[2016-02-25 14:30:02] EDIT Inw/views/default/Pracownicy.html: 0
[2016-02-25 14:30:17] EDIT Inw/views/default/Pracownicy.html: 0
[2016-02-25 14:30:27] EDIT Inw/views/default/Pracownicy.html: 0
[2016-02-25 14:30:37] EDIT Inw/views/default/Pracownicy.html: 0
[2016-02-25 14:30:48] EDIT Inw/views/default/Pracownicy.html: 0
[2016-02-25 14:31:02] EDIT Inw/views/default/Pracownicy.html: 0
[2016-02-25 14:31:18] EDIT Inw/views/default/Pracownicy.html: 0
[2016-02-25 14:31:28] EDIT Inw/views/default/Pracownicy.html: 0
[2016-02-25 14:31:45] EDIT Inw/views/default/Pracownicy.html: 0
[2016-02-25 14:32:15] EDIT Inw/views/default/Pracownicy.html: 0
[2016-02-25 14:32:36] EDIT Inw/views/default/Pracownicy.html: 0
[2016-02-25 14:33:24] EDIT Inw/views/default/Pracownicy.html: 0
[2016-02-25 14:34:12] EDIT Inw/views/default/Pracownicy.html: 0
[2016-02-25 14:34:37] EDIT Inw/views/default/Pracownicy.html: 0
[2016-02-25 14:34:59] EDIT Inw/views/default/Pracownicy.html: 0
[2016-02-25 14:35:12] EDIT Inw/views/default/Pracownicy.html: 0
[2016-02-25 14:36:15] EDIT Inw/views/default/Pracownicy.html: 0
[2016-02-25 14:43:09] EDIT Inw/views/default/Pracownicy.html: 0
[2016-02-25 14:44:58] EDIT Inw/views/default/Pracownicy.html: 0
[2016-02-25 14:45:38] EDIT Inw/views/default/Pracownicy.html: 0
[2016-02-25 14:49:10] EDIT Inw/views/default/Pracownicy.html: 0
[2016-02-25 15:02:36] EDIT Inw/views/default/Pracownicy.html: 0
[2016-02-25 15:05:31] EDIT Inw/controllers/default.py: 0
[2016-02-25 15:06:00] EDIT Inw/controllers/default.py: 0
[2016-02-25 15:06:10] EDIT Inw/controllers/default.py: 0
[2016-02-25 15:06:17] EDIT Inw/controllers/default.py: 0
[2016-02-25 15:07:31] EDIT Inw/controllers/default.py: 0
[2016-02-25 15:07:31] EDIT Inw/controllers/default.py: 0
[2016-02-25 15:08:10] EDIT Inw/controllers/default.py: 0
[2016-02-25 15:08:23] EDIT Inw/controllers/default.py: 0
[2016-02-25 15:10:44] EDIT Inw/controllers/default.py: 1
[2016-02-25 15:13:06] EDIT Inw/controllers/default.py: 0
[2016-02-25 15:13:51] EDIT Inw/controllers/default.py: 0
[2016-02-25 15:15:41] EDIT Inw/views/default/Pracownicy.html: 0
[2016-02-25 15:30:34] EDIT Inw/views/default/Pracownicy.html: 0
[2016-02-25 15:32:43] EDIT Inw/views/default/Pracownicy.html: 1
[2016-02-25 15:32:55] EDIT Inw/views/default/Pracownicy.html: 0
[2016-02-26 08:56:50] EDIT Inw/views/default/Pracownicy.html: 0
[2016-02-26 08:58:09] EDIT Inw/views/default/Pracownicy.html: 0
[2016-02-26 08:58:26] EDIT Inw/views/default/Pracownicy.html: 0
[2016-02-26 08:59:10] EDIT Inw/controllers/default.py: 0
[2016-02-26 09:00:36] EDIT Inw/views/default/Pracownicy.html: 0
[2016-02-26 09:01:05] EDIT Inw/controllers/default.py: 0
[2016-02-26 09:01:19] EDIT Inw/controllers/default.py: 0
[2016-02-26 09:09:59] EDIT Inw/controllers/default.py: 0
[2016-02-26 09:10:09] EDIT Inw/views/default/Pracownicy.html: 0
[2016-02-26 09:11:49] EDIT Inw/views/default/Pracownicy.html: 0
[2016-02-26 09:12:12] EDIT Inw/views/default/Pracownicy.html: -1
[2016-02-26 09:12:34] EDIT Inw/views/default/Pracownicy.html: 0
[2016-02-26 09:16:16] EDIT Inw/views/default/Pracownicy.html: 0
[2016-02-26 09:16:42] EDIT Inw/views/default/Pracownicy.html: 0
[2016-02-26 09:23:29] EDIT Inw/views/default/Pracownicy.html: 0
[2016-02-26 09:24:14] EDIT Inw/views/default/Pracownicy.html: 0
[2016-02-26 09:25:20] EDIT Inw/views/default/Pracownicy.html: 0
[2016-02-26 09:27:00] EDIT Inw/views/default/Pracownicy.html: 0
[2016-02-26 09:36:03] EDIT Inw/views/default/Pracownicy.html: 0
[2016-02-26 09:36:28] EDIT Inw/views/default/Pracownicy.html: 0
[2016-02-26 09:42:10] EDIT Inw/views/default/Pracownicy.html: 0
[2016-02-26 09:46:47] EDIT Inw/views/default/Pracownicy.html: 0
[2016-02-26 10:03:04] EDIT Inw/views/default/Pracownicy.html: 0
[2016-02-26 10:03:27] EDIT Inw/views/default/Pracownicy.html: 0
[2016-02-26 10:05:33] EDIT Inw/views/default/Pracownicy.html: 0
[2016-02-26 10:06:09] EDIT Inw/views/default/Pracownicy.html: 0
[2016-02-26 10:07:26] EDIT Inw/views/default/Pracownicy.html: 0
[2016-02-26 10:08:43] EDIT Inw/views/default/Pracownicy.html: 0
[2016-02-26 10:10:26] EDIT Inw/views/default/Pracownicy.html: 0
[2016-02-26 10:10:58] EDIT Inw/views/default/Pracownicy.html: 0
[2016-02-26 10:11:12] EDIT Inw/views/default/Pracownicy.html: 0
[2016-02-26 10:11:51] EDIT Inw/views/default/Pracownicy.html: 0
[2016-02-26 10:12:55] EDIT Inw/views/default/Pracownicy.html: 0
[2016-02-26 10:13:48] EDIT Inw/views/default/Pracownicy.html: 0
[2016-02-26 10:14:16] EDIT Inw/views/default/Pracownicy.html: 0
[2016-02-26 10:19:25] EDIT Inw/views/default/Pracownicy.html: 0
[2016-02-26 10:20:26] EDIT Inw/controllers/default.py: 0
[2016-02-26 10:20:36] EDIT Inw/views/default/Pracownicy.html: 0
[2016-02-26 10:23:02] EDIT Inw/views/default/Pracownicy.html: 0
[2016-02-26 10:25:53] EDIT Inw/controllers/default.py: 2
[2016-02-26 10:26:18] EDIT Inw/controllers/default.py: 0
[2016-02-26 10:26:28] EDIT Inw/controllers/default.py: 0
[2016-02-26 10:27:20] EDIT Inw/controllers/default.py: 0
[2016-02-26 10:27:41] EDIT Inw/views/default/index.html: -1
[2016-02-26 10:29:23] EDIT Inw/views/default/Sprzet.html: 0
[2016-02-26 10:30:47] EDIT Inw/views/default/Sprzet.html: 0
[2016-02-26 10:32:53] EDIT Inw/controllers/default.py: 1
[2016-02-26 10:33:35] EDIT Inw/views/default/Sprzet.html: 0
[2016-02-26 10:33:44] EDIT Inw/views/default/Sprzet.html: 0
[2016-02-26 10:34:11] EDIT Inw/views/default/Sprzet.html: 0
[2016-02-26 10:34:32] EDIT Inw/views/default/Sprzet.html: 0
[2016-02-26 10:36:24] EDIT Inw/controllers/default.py: 2
[2016-02-26 10:38:54] EDIT Inw/models/db1.py: -1
[2016-02-26 10:43:19] EDIT Inw/models/db1.py: -1
[2016-02-26 10:43:38] EDIT Inw/models/db1.py: 0
[2016-02-26 10:44:14] EDIT Inw/models/db1.py: 0
[2016-02-26 10:44:28] EDIT Inw/models/db1.py: 0
[2016-02-26 10:45:04] EDIT Inw/models/db1.py: 0
[2016-02-26 10:45:18] EDIT Inw/models/db1.py: 0
[2016-02-26 11:05:20] EDIT Inw/controllers/default.py: 2
[2016-02-26 11:06:38] EDIT Inw/controllers/default.py: -2
[2016-02-26 11:06:57] EDIT Inw/controllers/default.py: 0
[2016-02-26 11:08:34] EDIT Inw/controllers/default.py: 0
[2016-02-26 11:11:32] EDIT Inw/controllers/default.py: 0
[2016-02-26 11:12:55] EDIT Inw/controllers/default.py: 0
[2016-02-26 11:12:58] EDIT Inw/models/db1.py: 1
[2016-02-26 11:16:34] EDIT Inw/controllers/default.py: 0
[2016-02-26 12:30:52] EDIT Inw/controllers/default.py: 0
[2016-02-26 12:33:52] EDIT Inw/controllers/default.py: 1
[2016-02-26 12:39:27] EDIT Inw/models/db1.py: 0
[2016-02-26 12:39:37] EDIT Inw/controllers/default.py: -1
[2016-02-26 12:40:22] EDIT Inw/controllers/default.py: 0
[2016-02-26 12:45:57] EDIT Inw/controllers/default.py: 2
[2016-02-26 12:46:05] EDIT Inw/controllers/default.py: 0
[2016-02-26 14:44:52] EDIT Inw/controllers/default.py: -1
[2016-02-26 14:45:19] EDIT Inw/controllers/default.py: 0
[2016-02-26 14:46:29] EDIT Inw/controllers/default.py: 0
[2016-02-26 14:48:34] EDIT Inw/controllers/default.py: -1
[2016-02-26 14:48:42] EDIT Inw/controllers/default.py: 0
[2016-02-26 14:49:34] EDIT Inw/controllers/default.py: 0
[2016-02-26 14:50:39] EDIT Inw/controllers/default.py: 0
[2016-02-26 14:50:44] EDIT Inw/controllers/default.py: 0
[2016-02-26 14:51:49] EDIT Inw/controllers/default.py: 1
[2016-02-26 15:11:50] EDIT Inw/controllers/default.py: 0
[2016-02-26 15:14:03] EDIT Inw/controllers/default.py: 0
[2016-02-26 15:25:58] EDIT Inw/models/db1.py: 0
[2016-02-26 15:26:39] EDIT Inw/models/db1.py: 0
[2016-02-26 15:30:36] EDIT Inw/controllers/default.py: 1
[2016-02-26 15:31:19] EDIT Inw/models/db1.py: 0
[2016-02-29 08:21:05] EDIT Inw/controllers/default.py: 0
[2016-02-29 08:21:53] EDIT Inw/controllers/default.py: 0
[2016-02-29 08:23:46] EDIT Inw/controllers/default.py: 1
[2016-02-29 08:24:40] EDIT Inw/controllers/default.py: 0
[2016-02-29 08:25:19] EDIT Inw/controllers/default.py: 0
[2016-02-29 08:27:23] EDIT Inw/controllers/default.py: 0
[2016-02-29 08:28:16] EDIT Inw/controllers/default.py: 2
[2016-02-29 08:28:59] EDIT Inw/controllers/default.py: -1
[2016-02-29 08:36:08] EDIT Inw/views/default/Sprzet.html: 0
[2016-02-29 08:36:48] EDIT Inw/views/default/Sprzet.html: 0
[2016-02-29 08:37:13] EDIT Inw/views/default/Sprzet.html: 0
[2016-02-29 08:37:44] EDIT Inw/views/default/Sprzet.html: 0
[2016-02-29 08:37:55] EDIT Inw/views/default/Sprzet.html: 0
[2016-02-29 08:38:21] EDIT Inw/views/default/Sprzet.html: 0
[2016-02-29 08:41:31] EDIT Inw/controllers/default.py: 0
[2016-02-29 08:44:56] EDIT Inw/models/db1.py: 1
[2016-02-29 08:47:14] EDIT Inw/views/default/Oczekujace.html: 0
[2016-02-29 08:47:26] EDIT Inw/views/default/Oczekujace.html: 0
[2016-02-29 08:47:27] EDIT Inw/views/default/Oczekujace.html: 0
[2016-02-29 08:49:37] EDIT Inw/models/db1.py: 0
[2016-02-29 08:49:53] EDIT Inw/models/db1.py: 0
[2016-02-29 08:50:07] EDIT Inw/models/db1.py: 0
[2016-02-29 08:51:00] EDIT Inw/models/db1.py: 0
[2016-02-29 08:52:19] EDIT Inw/models/db1.py: 0
[2016-02-29 08:52:37] EDIT Inw/models/db1.py: 0
[2016-02-29 09:13:04] EDIT Inw/models/db1.py: 0
[2016-02-29 09:13:20] EDIT Inw/models/db1.py: 0
[2016-02-29 09:13:36] EDIT Inw/models/db1.py: 0
[2016-02-29 09:14:22] EDIT Inw/models/db1.py: 0
[2016-02-29 09:18:32] EDIT Inw/controllers/default.py: 28
[2016-02-29 09:22:09] EDIT Inw/controllers/default.py: 0
[2016-02-29 09:29:48] EDIT Inw/models/db1.py: 0
[2016-02-29 09:31:36] EDIT Inw/views/default/Oczekujace.html: 0
[2016-02-29 09:52:02] EDIT Inw/views/default/Oczekujace.html: 2
[2016-02-29 09:53:21] EDIT Inw/views/default/Oczekujace.html: 0
[2016-02-29 09:54:56] EDIT Inw/views/default/Oczekujace.html: 0
[2016-02-29 09:55:11] EDIT Inw/views/default/Oczekujace.html: 0
[2016-02-29 10:05:39] EDIT Inw/views/default/Oczekujace.html: 0
[2016-02-29 10:11:21] EDIT Inw/models/menu.py: 2
[2016-02-29 10:11:33] EDIT Inw/models/menu.py: 0
[2016-02-29 10:11:40] EDIT Inw/models/menu.py: 0
[2016-02-29 10:11:52] EDIT Inw/models/menu.py: 0
[2016-02-29 10:13:30] EDIT Inw/views/default/Oczekujace.html: 0
[2016-02-29 10:14:31] EDIT Inw/models/menu.py: 0
[2016-02-29 10:15:17] EDIT Inw/models/menu.py: 0
[2016-02-29 10:15:23] EDIT Inw/models/menu.py: 0
[2016-02-29 10:18:05] EDIT Inw/models/menu.py: 0
[2016-02-29 10:18:24] EDIT Inw/models/menu.py: 0
[2016-02-29 10:19:04] EDIT Inw/models/menu.py: 0
[2016-02-29 10:19:34] EDIT Inw/models/menu.py: 0
[2016-02-29 10:20:04] EDIT Inw/models/menu.py: 0
[2016-02-29 10:20:20] EDIT Inw/models/menu.py: 0
[2016-02-29 10:21:14] EDIT Inw/models/menu.py: 0
[2016-02-29 10:21:39] EDIT Inw/models/menu.py: 0
[2016-02-29 10:22:27] EDIT Inw/models/menu.py: 0
[2016-02-29 10:26:26] EDIT Inw/models/menu.py: 2
[2016-02-29 10:27:25] EDIT Inw/models/menu.py: 0
[2016-02-29 10:28:31] EDIT Inw/models/menu.py: 0
[2016-02-29 10:28:44] EDIT Inw/models/menu.py: 0
[2016-02-29 12:31:08] EDIT Inw/models/menu.py: 3
[2016-02-29 12:42:14] EDIT Inw/models/menu.py: 0
[2016-02-29 12:42:42] EDIT Inw/models/menu.py: 0
[2016-02-29 13:37:41] EDIT Inw/controllers/default.py: 0
[2016-02-29 13:44:53] EDIT Inw/controllers/default.py: 2
[2016-02-29 13:46:46] EDIT Inw/controllers/default.py: 0
[2016-02-29 13:47:06] EDIT Inw/controllers/default.py: -1
[2016-02-29 13:57:00] EDIT Inw/controllers/default.py: 0
[2016-02-29 13:58:42] EDIT Inw/controllers/default.py: 0
[2016-02-29 13:59:09] EDIT Inw/models/db1.py: 1
[2016-02-29 15:22:05] EDIT Inw/views/default/Oczekujace.html: 0
[2016-02-29 15:24:15] EDIT Inw/views/default/Oczekujace.html: 1
[2016-02-29 15:24:31] EDIT Inw/views/default/Oczekujace.html: 0
[2016-02-29 15:24:53] EDIT Inw/views/default/Oczekujace.html: 0
[2016-03-01 09:20:11] EDIT Inw/models/menu.py: -4
[2016-03-01 09:21:13] EDIT Inw/models/menu.py: 0
[2016-03-01 09:21:49] EDIT Inw/models/menu.py: 0
[2016-03-01 09:23:05] EDIT Inw/models/menu.py: 3
[2016-03-01 09:23:39] EDIT Inw/models/menu.py: -3
[2016-03-01 09:25:17] EDIT Inw/models/menu.py: -1
[2016-03-01 09:26:22] EDIT Inw/models/menu.py: 3
[2016-03-01 09:30:20] EDIT Inw/models/menu.py: 0
[2016-03-04 09:44:52] EDIT Inw/controllers/default.py: 1
[2016-03-04 09:46:29] EDIT Inw/controllers/default.py: 2
[2016-03-04 09:48:55] EDIT Inw/views/default/Oczekujace.html: -2
[2016-03-04 09:52:18] EDIT Inw/controllers/default.py: 1
[2016-03-04 09:57:12] EDIT Inw/views/default/Oczekujace.html: 1
[2016-03-04 09:57:29] EDIT Inw/views/default/Oczekujace.html: 0
[2016-03-04 09:58:00] EDIT Inw/views/default/Oczekujace.html: 0
[2016-03-04 09:58:19] EDIT Inw/views/default/Oczekujace.html: 0
[2016-03-04 09:58:35] EDIT Inw/controllers/default.py: 0
[2016-03-04 10:01:07] EDIT Inw/views/default/Oczekujace.html: -1
[2016-03-04 10:02:30] EDIT Inw/views/default/Oczekujace.html: 0
[2016-03-04 10:05:40] EDIT Inw/controllers/default.py: 0
[2016-03-04 10:05:46] EDIT Inw/controllers/default.py: 0
[2016-03-04 10:05:57] EDIT Inw/controllers/default.py: 0
[2016-03-04 10:06:30] EDIT Inw/controllers/default.py: 0
[2016-03-04 10:06:46] EDIT Inw/controllers/default.py: 0
[2016-03-04 10:07:05] EDIT Inw/views/default/Oczekujace.html: 1
[2016-03-04 10:07:18] EDIT Inw/views/default/Oczekujace.html: 1
[2016-03-04 10:07:49] EDIT Inw/views/default/Oczekujace.html: 0
[2016-03-04 10:08:45] EDIT Inw/views/default/Oczekujace.html: 0
[2016-03-04 10:08:57] EDIT Inw/views/default/Oczekujace.html: 0
[2016-03-04 10:09:12] EDIT Inw/views/default/Oczekujace.html: 0
[2016-03-04 10:09:35] EDIT Inw/views/default/Oczekujace.html: 0
[2016-03-04 10:10:31] EDIT Inw/views/default/Oczekujace.html: 0
[2016-03-04 10:31:01] EDIT Inw/views/default/Oczekujace.html: 0
[2016-03-04 13:46:37] EDIT Inw/views/default/Oczekujace.html: -2
[2016-03-04 14:06:49] EDIT Inw/views/default/Oczekujace.html: 2
[2016-03-04 14:07:14] EDIT Inw/controllers/default.py: 0
[2016-03-04 14:07:31] EDIT Inw/views/default/Oczekujace.html: 0
[2016-03-04 14:08:31] EDIT Inw/views/default/Oczekujace.html: 0
[2016-03-07 09:38:53] EDIT Inw/controllers/default.py: 3
[2016-03-07 09:39:09] CREATE default/TwojeZamowienia.html: 0
[2016-03-07 09:42:18] EDIT Inw/views/default/TwojeZamowienia.html: -1
[2016-03-07 09:42:21] EDIT Inw/controllers/default.py: 0
[2016-03-07 09:45:42] EDIT Inw/controllers/default.py: 0
[2016-03-07 09:48:44] EDIT Inw/views/default/TwojeZamowienia.html: 0
[2016-03-07 09:49:01] EDIT Inw/views/default/TwojeZamowienia.html: 0
[2016-03-07 09:49:28] EDIT Inw/views/default/TwojeZamowienia.html: 0
[2016-03-07 09:49:56] EDIT Inw/controllers/default.py: 1
[2016-03-07 09:50:07] EDIT Inw/controllers/default.py: 0
[2016-03-07 09:50:29] EDIT Inw/controllers/default.py: 0
[2016-03-07 09:54:46] EDIT Inw/controllers/default.py: 0
[2016-03-07 09:54:50] EDIT Inw/views/default/TwojeZamowienia.html: 0
[2016-03-07 09:57:32] EDIT Inw/views/default/TwojeZamowienia.html: 1
[2016-03-07 09:57:43] EDIT Inw/controllers/default.py: -1
[2016-03-07 09:57:45] EDIT Inw/views/default/Oczekujace.html: 0
[2016-03-07 09:57:47] EDIT Inw/views/default/TwojeZamowienia.html: 0
[2016-03-07 09:57:57] EDIT Inw/views/default/TwojeZamowienia.html: 0
[2016-03-07 09:58:16] EDIT Inw/views/default/TwojeZamowienia.html: 0
[2016-03-07 09:58:24] EDIT Inw/views/default/TwojeZamowienia.html: -1
[2016-03-07 09:58:38] EDIT Inw/views/default/TwojeZamowienia.html: 0
[2016-03-07 09:59:45] EDIT Inw/views/default/TwojeZamowienia.html: 0
[2016-03-08 08:35:55] EDIT Inw/views/default/TwojeZamowienia.html: 0
[2016-03-08 08:36:26] EDIT Inw/controllers/default.py: 1
[2016-03-08 08:36:36] EDIT Inw/views/default/TwojeZamowienia.html: 0
[2016-03-08 08:37:08] EDIT Inw/views/default/TwojeZamowienia.html: 0
[2016-03-08 08:37:33] EDIT Inw/controllers/default.py: 0
[2016-03-08 08:39:54] EDIT Inw/views/default/TwojeZamowienia.html: 0
[2016-03-08 09:16:44] EDIT Inw/views/default/TwojeZamowienia.html: 0
[2016-03-08 09:18:06] EDIT Inw/views/default/TwojeZamowienia.html: 0
[2016-03-08 09:18:38] EDIT Inw/views/default/TwojeZamowienia.html: 3
[2016-03-08 09:21:38] EDIT Inw/views/default/TwojeZamowienia.html: 6
[2016-03-08 09:22:26] EDIT Inw/views/default/TwojeZamowienia.html: 2
[2016-03-08 09:23:07] EDIT Inw/views/default/TwojeZamowienia.html: 3
[2016-03-08 09:23:20] EDIT Inw/views/default/TwojeZamowienia.html: 0
[2016-03-08 09:23:57] EDIT Inw/views/default/TwojeZamowienia.html: 0
[2016-03-08 09:24:39] EDIT Inw/views/default/TwojeZamowienia.html: -3
[2016-03-08 09:24:48] EDIT Inw/views/default/TwojeZamowienia.html: 0
[2016-03-08 09:29:48] EDIT Inw/views/default/TwojeZamowienia.html: -11
[2016-03-08 09:30:24] EDIT Inw/views/default/TwojeZamowienia.html: 0
[2016-03-08 09:30:31] EDIT Inw/views/default/TwojeZamowienia.html: 0
[2016-03-08 09:31:00] EDIT Inw/views/default/TwojeZamowienia.html: 0
[2016-03-08 09:31:38] EDIT Inw/views/default/TwojeZamowienia.html: 0
[2016-03-08 09:32:22] EDIT Inw/views/default/TwojeZamowienia.html: 0
[2016-03-08 09:33:25] EDIT Inw/views/default/TwojeZamowienia.html: 0
[2016-03-08 09:36:11] EDIT Inw/views/default/indexxx.html: 4
[2016-03-08 09:36:17] EDIT Inw/views/default/indexxxA.html: 4
[2016-03-08 09:36:51] EDIT Inw/views/default/indexxxA.html: 0
[2016-03-08 09:37:01] EDIT Inw/views/default/indexxxA.html: 0
[2016-03-08 09:37:11] EDIT Inw/views/default/indexxxA.html: 0
[2016-03-08 09:37:20] EDIT Inw/views/default/indexxxA.html: 0
[2016-03-08 09:42:11] EDIT Inw/models/menu.py: 87
[2016-03-08 09:42:46] EDIT Inw/models/menu.py: -85
[2016-03-08 09:51:38] EDIT Inw/models/menu.py: 0
[2016-03-08 09:51:41] EDIT Inw/models/menu.py: 0
[2016-03-08 09:53:22] EDIT Inw/controllers/default.py: 1
[2016-03-08 09:53:36] EDIT Inw/controllers/default.py: 1
[2016-03-08 09:58:35] EDIT Inw/controllers/default.py: 10
[2016-03-08 09:59:29] EDIT Inw/controllers/default.py: 0
[2016-03-08 10:00:44] EDIT Inw/models/db1.py: 0
[2016-03-08 10:01:28] EDIT Inw/models/db1.py: 0
[2016-03-08 10:01:48] EDIT Inw/models/db1.py: 0
[2016-03-08 14:42:12] EDIT Inw/models/db1.py: 8
[2016-03-08 14:42:21] EDIT Inw/models/db1.py: 0
[2016-03-08 14:42:31] EDIT Inw/models/db1.py: 0
[2016-03-08 14:43:34] EDIT Inw/controllers/default.py: 8
[2016-03-08 14:43:58] CREATE default/DodawanieLicencji.html: 0
[2016-03-08 14:44:09] CREATE default/Licencje.html: 0
[2016-03-08 14:44:26] EDIT Inw/views/default/DodawanieLicencji.html: -1
[2016-03-08 14:44:46] EDIT Inw/models/db1.py: 0
[2016-03-08 14:50:38] EDIT Inw/views/default/Licencje.html: -1
[2016-03-08 14:53:30] EDIT Inw/controllers/default.py: 3
[2016-03-08 14:55:12] EDIT Inw/views/default/Licencje.html: 0
[2016-03-08 14:55:33] EDIT Inw/controllers/default.py: 0
[2016-03-08 14:57:27] EDIT Inw/views/default/Licencje.html: 0
[2016-03-08 14:57:49] EDIT Inw/views/default/Licencje.html: 0
[2016-03-08 14:58:19] EDIT Inw/views/default/Licencje.html: 0
[2016-03-08 14:58:29] EDIT Inw/views/default/Licencje.html: 0
[2016-03-08 14:58:36] EDIT Inw/views/default/Licencje.html: 0
[2016-03-08 14:58:46] EDIT Inw/views/default/Licencje.html: 0
[2016-03-08 14:58:55] EDIT Inw/views/default/Licencje.html: 0
[2016-03-08 15:00:24] EDIT Inw/views/default/Licencje.html: 0
[2016-03-08 15:00:31] EDIT Inw/views/default/Licencje.html: 0
[2016-03-08 15:00:45] EDIT Inw/views/default/Licencje.html: 0
[2016-03-08 15:00:54] EDIT Inw/views/default/Licencje.html: 0
[2016-03-08 15:01:04] EDIT Inw/views/default/Licencje.html: 0
[2016-03-08 15:01:33] EDIT Inw/views/default/Licencje.html: 0
[2016-03-08 15:03:37] EDIT Inw/views/default/indexxxA.html: 8
[2016-03-08 15:06:24] EDIT Inw/models/menu.py: 2
[2016-03-08 15:08:30] EDIT Inw/models/menu.py: 0
[2016-03-08 15:09:59] EDIT Inw/controllers/default.py: 6
[2016-03-08 15:24:32] EDIT Inw/controllers/default.py: 2
[2016-03-08 15:32:44] CREATE default/TwojSprzet.html.py: 0
[2016-03-08 15:32:56] CREATE default/TwojSprzet.html: 0
[2016-03-08 15:34:53] EDIT Inw/views/default/xaxaxa.html: 1
[2016-03-08 15:38:17] EDIT Inw/views/default/TwojSprzet.html: -1
[2016-03-08 15:39:16] EDIT Inw/views/default/TwojSprzet.html: 0
[2016-03-08 15:39:26] EDIT Inw/controllers/default.py: 5
[2016-03-08 15:39:52] EDIT Inw/controllers/default.py: 0
[2016-03-08 15:40:10] EDIT Inw/controllers/default.py: 0
[2016-03-08 15:40:36] EDIT Inw/views/default/TwojSprzet.html: 0
[2016-03-08 15:41:33] EDIT Inw/views/default/indexxxA.html: 4
[2016-03-08 15:42:18] EDIT Inw/views/default/indexxx.html: 4
[2016-03-08 15:42:32] EDIT Inw/views/default/indexxx.html: 0
[2016-03-08 15:42:50] EDIT Inw/models/db1.py: 0
[2016-03-08 15:45:12] EDIT Inw/models/menu.py: 1
[2016-03-08 15:49:50] EDIT Inw/models/menu.py: 0
[2016-03-08 15:54:37] EDIT Inw/models/db1.py: 0
[2016-03-08 15:54:39] EDIT Inw/views/default/TwojSprzet.html: 0
[2016-03-08 15:54:41] EDIT Inw/models/menu.py: 0
[2016-03-08 15:54:43] EDIT Inw/controllers/default.py: 0
[2016-03-09 10:06:05] DELETE Inw/models/default/TwojSprzet.html.py: 0
[2016-03-24 08:58:50] EDIT Inw/models/db1.py: 0
